<?xml version="1.0" encoding="UTF-8"?>
<!-- Generated by org.testng.reporters.JUnitXMLReporter -->
<testsuite hostname="LAPTOP-M53IEF0T" ignored="0" name="Test" tests="6" failures="0" timestamp="11 Apr 2019 03:33:29 GMT" time="1.195" errors="0">
  <testcase name="runScenario" time="0.25" classname="cucumber.api.testng.AbstractTestNGCucumberTests"/>
  <testcase name="runScenario" time="0.01" classname="cucumber.api.testng.AbstractTestNGCucumberTests"/>
  <testcase name="runScenario" time="0.006" classname="cucumber.api.testng.AbstractTestNGCucumberTests"/>
  <testcase name="runScenario" time="0.006" classname="cucumber.api.testng.AbstractTestNGCucumberTests"/>
  <testcase name="runScenario" time="0.004" classname="cucumber.api.testng.AbstractTestNGCucumberTests"/>
  <testcase name="runScenario" time="0.006" classname="cucumber.api.testng.AbstractTestNGCucumberTests"/>
</testsuite> <!-- Test -->
