<?xml version="1.0" encoding="UTF-8"?>
<testng-results skipped="0" failed="0" ignored="0" total="6" passed="6">
  <reporter-output>
  </reporter-output>
  <suite name="Default suite" duration-ms="1172" started-at="2019-03-24T06:47:43Z" finished-at="2019-03-24T06:47:44Z">
    <groups>
      <group name="cucumber">
        <method signature="AbstractTestNGCucumberTests.runScenario(cucumber.api.testng.PickleEventWrapper, cucumber.api.testng.CucumberFeatureWrapper)[pri:0, instance:runner.TestNGRunner@7d9d1a19]" name="runScenario" class="cucumber.api.testng.AbstractTestNGCucumberTests"/>
      </group> <!-- cucumber -->
    </groups>
    <test name="Default test" duration-ms="1172" started-at="2019-03-24T06:47:43Z" finished-at="2019-03-24T06:47:44Z">
      <class name="runner.TestNGRunner">
        <test-method status="PASS" signature="setUpClass()[pri:0, instance:runner.TestNGRunner@7d9d1a19]" name="setUpClass" is-config="true" duration-ms="170" started-at="2019-03-24T06:47:43Z" finished-at="2019-03-24T06:47:43Z">
          <reporter-output>
          </reporter-output>
        </test-method> <!-- setUpClass -->
        <test-method status="PASS" signature="runScenario(cucumber.api.testng.PickleEventWrapper, cucumber.api.testng.CucumberFeatureWrapper)[pri:0, instance:runner.TestNGRunner@7d9d1a19]" name="runScenario" duration-ms="289" started-at="2019-03-24T06:47:43Z" description="Runs Cucumber Scenarios" data-provider="scenarios" finished-at="2019-03-24T06:47:43Z">
          <params>
            <param index="0">
              <value>
                <![CDATA["Title of your scenario1.1"]]>
              </value>
            </param>
            <param index="1">
              <value>
                <![CDATA["Title of your feature1"]]>
              </value>
            </param>
          </params>
          <reporter-output>
          </reporter-output>
        </test-method> <!-- runScenario -->
        <test-method status="PASS" signature="runScenario(cucumber.api.testng.PickleEventWrapper, cucumber.api.testng.CucumberFeatureWrapper)[pri:0, instance:runner.TestNGRunner@7d9d1a19]" name="runScenario" duration-ms="11" started-at="2019-03-24T06:47:43Z" description="Runs Cucumber Scenarios" data-provider="scenarios" finished-at="2019-03-24T06:47:43Z">
          <params>
            <param index="0">
              <value>
                <![CDATA["Title of your scenario outline1.2"]]>
              </value>
            </param>
            <param index="1">
              <value>
                <![CDATA["Title of your feature1"]]>
              </value>
            </param>
          </params>
          <reporter-output>
          </reporter-output>
        </test-method> <!-- runScenario -->
        <test-method status="PASS" signature="runScenario(cucumber.api.testng.PickleEventWrapper, cucumber.api.testng.CucumberFeatureWrapper)[pri:0, instance:runner.TestNGRunner@7d9d1a19]" name="runScenario" duration-ms="8" started-at="2019-03-24T06:47:43Z" description="Runs Cucumber Scenarios" data-provider="scenarios" finished-at="2019-03-24T06:47:43Z">
          <params>
            <param index="0">
              <value>
                <![CDATA["Title of your scenario outline1.2"]]>
              </value>
            </param>
            <param index="1">
              <value>
                <![CDATA["Title of your feature1"]]>
              </value>
            </param>
          </params>
          <reporter-output>
          </reporter-output>
        </test-method> <!-- runScenario -->
        <test-method status="PASS" signature="runScenario(cucumber.api.testng.PickleEventWrapper, cucumber.api.testng.CucumberFeatureWrapper)[pri:0, instance:runner.TestNGRunner@7d9d1a19]" name="runScenario" duration-ms="8" started-at="2019-03-24T06:47:43Z" description="Runs Cucumber Scenarios" data-provider="scenarios" finished-at="2019-03-24T06:47:43Z">
          <params>
            <param index="0">
              <value>
                <![CDATA["Title of your scenario2.1"]]>
              </value>
            </param>
            <param index="1">
              <value>
                <![CDATA["Title of your feature2"]]>
              </value>
            </param>
          </params>
          <reporter-output>
          </reporter-output>
        </test-method> <!-- runScenario -->
        <test-method status="PASS" signature="runScenario(cucumber.api.testng.PickleEventWrapper, cucumber.api.testng.CucumberFeatureWrapper)[pri:0, instance:runner.TestNGRunner@7d9d1a19]" name="runScenario" duration-ms="5" started-at="2019-03-24T06:47:43Z" description="Runs Cucumber Scenarios" data-provider="scenarios" finished-at="2019-03-24T06:47:43Z">
          <params>
            <param index="0">
              <value>
                <![CDATA["Title of your scenario outline2.2"]]>
              </value>
            </param>
            <param index="1">
              <value>
                <![CDATA["Title of your feature2"]]>
              </value>
            </param>
          </params>
          <reporter-output>
          </reporter-output>
        </test-method> <!-- runScenario -->
        <test-method status="PASS" signature="runScenario(cucumber.api.testng.PickleEventWrapper, cucumber.api.testng.CucumberFeatureWrapper)[pri:0, instance:runner.TestNGRunner@7d9d1a19]" name="runScenario" duration-ms="4" started-at="2019-03-24T06:47:43Z" description="Runs Cucumber Scenarios" data-provider="scenarios" finished-at="2019-03-24T06:47:43Z">
          <params>
            <param index="0">
              <value>
                <![CDATA["Title of your scenario outline2.2"]]>
              </value>
            </param>
            <param index="1">
              <value>
                <![CDATA["Title of your feature2"]]>
              </value>
            </param>
          </params>
          <reporter-output>
          </reporter-output>
        </test-method> <!-- runScenario -->
        <test-method status="PASS" signature="tearDownClass()[pri:0, instance:runner.TestNGRunner@7d9d1a19]" name="tearDownClass" is-config="true" duration-ms="595" started-at="2019-03-24T06:47:43Z" finished-at="2019-03-24T06:47:44Z">
          <reporter-output>
          </reporter-output>
        </test-method> <!-- tearDownClass -->
      </class> <!-- runner.TestNGRunner -->
    </test> <!-- Default test -->
  </suite> <!-- Default suite -->
</testng-results>
