<?xml version="1.0" encoding="UTF-8"?>
<testng-results skipped="0" failed="0" ignored="0" total="3" passed="3">
  <reporter-output>
  </reporter-output>
  <suite name="Default suite" duration-ms="943" started-at="2019-06-09T17:10:30Z" finished-at="2019-06-09T17:10:30Z">
    <groups>
      <group name="cucumber">
        <method signature="AbstractTestNGCucumberTests.runScenario(cucumber.api.testng.PickleEventWrapper, cucumber.api.testng.CucumberFeatureWrapper)[pri:0, instance:runner.TestNGRunner@343f4d3d]" name="runScenario" class="cucumber.api.testng.AbstractTestNGCucumberTests"/>
      </group> <!-- cucumber -->
    </groups>
    <test name="Default test" duration-ms="943" started-at="2019-06-09T17:10:30Z" finished-at="2019-06-09T17:10:30Z">
      <class name="runner.TestNGRunner">
        <test-method status="PASS" signature="setUpClass()[pri:0, instance:runner.TestNGRunner@343f4d3d]" name="setUpClass" is-config="true" duration-ms="125" started-at="2019-06-09T17:10:30Z" finished-at="2019-06-09T17:10:30Z">
          <reporter-output>
          </reporter-output>
        </test-method> <!-- setUpClass -->
        <test-method status="PASS" signature="beforeMethod()[pri:0, instance:runner.TestNGRunner@343f4d3d]" name="beforeMethod" is-config="true" duration-ms="0" started-at="2019-06-09T17:10:30Z" finished-at="2019-06-09T17:10:30Z">
          <reporter-output>
          </reporter-output>
        </test-method> <!-- beforeMethod -->
        <test-method status="PASS" signature="runScenario(cucumber.api.testng.PickleEventWrapper, cucumber.api.testng.CucumberFeatureWrapper)[pri:0, instance:runner.TestNGRunner@343f4d3d]" name="runScenario" duration-ms="239" started-at="2019-06-09T17:10:30Z" description="Runs Cucumber Scenarios" data-provider="scenarios" finished-at="2019-06-09T17:10:30Z">
          <params>
            <param index="0">
              <value>
                <![CDATA["Title of your scenario1.1"]]>
              </value>
            </param>
            <param index="1">
              <value>
                <![CDATA["Title of your feature1"]]>
              </value>
            </param>
          </params>
          <reporter-output>
          </reporter-output>
        </test-method> <!-- runScenario -->
        <test-method status="PASS" signature="runScenario(cucumber.api.testng.PickleEventWrapper, cucumber.api.testng.CucumberFeatureWrapper)[pri:0, instance:runner.TestNGRunner@343f4d3d]" name="runScenario" duration-ms="8" started-at="2019-06-09T17:10:30Z" description="Runs Cucumber Scenarios" data-provider="scenarios" finished-at="2019-06-09T17:10:30Z">
          <params>
            <param index="0">
              <value>
                <![CDATA["Title of your scenario outline1.2"]]>
              </value>
            </param>
            <param index="1">
              <value>
                <![CDATA["Title of your feature1"]]>
              </value>
            </param>
          </params>
          <reporter-output>
          </reporter-output>
        </test-method> <!-- runScenario -->
        <test-method status="PASS" signature="runScenario(cucumber.api.testng.PickleEventWrapper, cucumber.api.testng.CucumberFeatureWrapper)[pri:0, instance:runner.TestNGRunner@343f4d3d]" name="runScenario" duration-ms="8" started-at="2019-06-09T17:10:30Z" description="Runs Cucumber Scenarios" data-provider="scenarios" finished-at="2019-06-09T17:10:30Z">
          <params>
            <param index="0">
              <value>
                <![CDATA["Title of your scenario outline1.2"]]>
              </value>
            </param>
            <param index="1">
              <value>
                <![CDATA["Title of your feature1"]]>
              </value>
            </param>
          </params>
          <reporter-output>
          </reporter-output>
        </test-method> <!-- runScenario -->
        <test-method status="PASS" signature="tearDownClass()[pri:0, instance:runner.TestNGRunner@343f4d3d]" name="tearDownClass" is-config="true" duration-ms="500" started-at="2019-06-09T17:10:30Z" finished-at="2019-06-09T17:10:30Z">
          <reporter-output>
          </reporter-output>
        </test-method> <!-- tearDownClass -->
      </class> <!-- runner.TestNGRunner -->
    </test> <!-- Default test -->
  </suite> <!-- Default suite -->
</testng-results>
